  Main.cpp
c:\users\haneol choi\desktop\ga\final_ga_tournament_che_181218\function.h(17): warning C4101: 't' :참조되지 않은 지역 변수입니다.
c:\users\haneol choi\desktop\ga\final_ga_tournament_che_181218\function.h(282): warning C4244: '초기화 중': 'double'에서 'int'(으)로 변환하면서 데이터가 손실될 수 있습니다.
c:\users\haneol choi\desktop\ga\final_ga_tournament_che_181218\function.h(283): warning C4244: '초기화 중': 'double'에서 'int'(으)로 변환하면서 데이터가 손실될 수 있습니다.
c:\users\haneol choi\desktop\ga\final_ga_tournament_che_181218\function.h(305): warning C4244: '=': 'double'에서 'int'(으)로 변환하면서 데이터가 손실될 수 있습니다.
c:\users\haneol choi\desktop\ga\final_ga_tournament_che_181218\function.h(308): warning C4244: '=': 'double'에서 'int'(으)로 변환하면서 데이터가 손실될 수 있습니다.
c:\users\haneol choi\desktop\ga\final_ga_tournament_che_181218\function.h(334): warning C4244: '=': 'double'에서 'int'(으)로 변환하면서 데이터가 손실될 수 있습니다.
c:\users\haneol choi\desktop\ga\final_ga_tournament_che_181218\function.h(377): warning C4244: '초기화 중': 'double'에서 'int'(으)로 변환하면서 데이터가 손실될 수 있습니다.
c:\users\haneol choi\desktop\ga\final_ga_tournament_che_181218\function.h(378): warning C4244: '초기화 중': 'double'에서 'int'(으)로 변환하면서 데이터가 손실될 수 있습니다.
c:\users\haneol choi\desktop\ga\final_ga_tournament_che_181218\function.h(381): warning C4244: '=': 'double'에서 'int'(으)로 변환하면서 데이터가 손실될 수 있습니다.
c:\users\haneol choi\desktop\ga\final_ga_tournament_che_181218\function.h(509): warning C4244: '초기화 중': 'double'에서 'int'(으)로 변환하면서 데이터가 손실될 수 있습니다.
c:\users\haneol choi\desktop\ga\final_ga_tournament_che_181218\function.h(510): warning C4244: '초기화 중': 'double'에서 'int'(으)로 변환하면서 데이터가 손실될 수 있습니다.
c:\users\haneol choi\desktop\ga\final_ga_tournament_che_181218\function.h(533): warning C4244: '=': 'double'에서 'int'(으)로 변환하면서 데이터가 손실될 수 있습니다.
c:\users\haneol choi\desktop\ga\final_ga_tournament_che_181218\function.h(537): warning C4244: '=': 'double'에서 'int'(으)로 변환하면서 데이터가 손실될 수 있습니다.
c:\users\haneol choi\desktop\ga\final_ga_tournament_che_181218\function.h(251): warning C4101: 'a' :참조되지 않은 지역 변수입니다.
c:\users\haneol choi\desktop\ga\final_ga_tournament_che_181218\function.h(251): warning C4101: 'k' :참조되지 않은 지역 변수입니다.
c:\users\haneol choi\desktop\ga\final_ga_tournament_che_181218\function.h(251): warning C4101: 't' :참조되지 않은 지역 변수입니다.
c:\users\haneol choi\desktop\ga\final_ga_tournament_che_181218\function.h(351): warning C4101: 'a' :참조되지 않은 지역 변수입니다.
c:\users\haneol choi\desktop\ga\final_ga_tournament_che_181218\main.cpp(18): warning C4244: '인수': 'time_t'에서 'unsigned int'(으)로 변환하면서 데이터가 손실될 수 있습니다.
  GA_CHE_181208.vcxproj -> C:\Users\Haneol Choi\Desktop\GA\Final_GA_Tournament_CHE_181218\Debug\GA_CHE_181208.exe
